<?xml version="1.0" encoding="UTF-8"?>
<!-- Generated by org.testng.reporters.JUnitReportReporter -->
<testsuite hostname="DESKTOP-IV0GA5F" name="runners.MainRunner" tests="3" failures="0" timestamp="22 Apr 2020 02:05:47 GMT" time="72.584" errors="1">
  <testcase name="feature" time="19.508" classname="runners.MainRunner">
    <error type="cucumber.runtime.CucumberException" message="org.junit.ComparisonFailure: expected:&lt;...ankyouforyourmessage[g]!&gt; but was:&lt;...ankyouforyourmessage[]!&gt;">
      <![CDATA[cucumber.runtime.CucumberException: org.junit.ComparisonFailure: expected:<...ankyouforyourmessage[g]!> but was:<...ankyouforyourmessage[]!>
	at cucumber.api.testng.TestNGCucumberRunner.runCucumber(TestNGCucumberRunner.java:69)
	at cucumber.api.testng.AbstractTestNGCucumberTests.feature(AbstractTestNGCucumberTests.java:21)
	at sun.reflect.NativeMethodAccessorImpl.invoke0(Native Method)
	at sun.reflect.NativeMethodAccessorImpl.invoke(NativeMethodAccessorImpl.java:62)
	at sun.reflect.DelegatingMethodAccessorImpl.invoke(DelegatingMethodAccessorImpl.java:43)
	at java.lang.reflect.Method.invoke(Method.java:498)
	at org.testng.internal.MethodInvocationHelper.invokeMethod(MethodInvocationHelper.java:86)
	at org.testng.internal.Invoker.invokeMethod(Invoker.java:643)
	at org.testng.internal.Invoker.invokeTestMethod(Invoker.java:820)
	at org.testng.internal.Invoker.invokeTestMethods(Invoker.java:1128)
	at org.testng.internal.TestMethodWorker.invokeTestMethods(TestMethodWorker.java:129)
	at org.testng.internal.TestMethodWorker.run(TestMethodWorker.java:112)
	at org.testng.TestRunner.privateRun(TestRunner.java:782)
	at org.testng.TestRunner.run(TestRunner.java:632)
	at org.testng.SuiteRunner.runTest(SuiteRunner.java:366)
	at org.testng.SuiteRunner.runSequentially(SuiteRunner.java:361)
	at org.testng.SuiteRunner.privateRun(SuiteRunner.java:319)
	at org.testng.SuiteRunner.run(SuiteRunner.java:268)
	at org.testng.SuiteRunnerWorker.runSuite(SuiteRunnerWorker.java:52)
	at org.testng.SuiteRunnerWorker.run(SuiteRunnerWorker.java:86)
	at org.testng.TestNG.runSuitesSequentially(TestNG.java:1244)
	at org.testng.TestNG.runSuitesLocally(TestNG.java:1169)
	at org.testng.TestNG.run(TestNG.java:1064)
	at org.testng.remote.AbstractRemoteTestNG.run(AbstractRemoteTestNG.java:115)
	at org.testng.remote.RemoteTestNG.initAndRun(RemoteTestNG.java:251)
	at org.testng.remote.RemoteTestNG.main(RemoteTestNG.java:77)
Caused by: org.junit.ComparisonFailure: expected:<...ankyouforyourmessage[g]!> but was:<...ankyouforyourmessage[]!>
	at org.junit.Assert.assertEquals(Assert.java:117)
	at org.junit.Assert.assertEquals(Assert.java:146)
	at pageObjects.ContactUs_Page.confirmContactUsFormSubmissionWasSuccessful(ContactUs_Page.java:58)
	at stepDefinitions.ContactUsSteps.the_information_should_successfully_be_submitted_via_the_contact_us_form(ContactUsSteps.java:50)
	at ✽.Then the information should successfully be submitted via the contact us form(contactus.feature:12)
]]>
    </error>
  </testcase> <!-- feature -->
  <testcase name="feature" time="33.482" classname="runners.MainRunner"/>
  <testcase name="feature" time="19.594" classname="runners.MainRunner"/>
</testsuite> <!-- runners.MainRunner -->
